[lyndesign.framer.ai/index.html]
[backblue.gif]
[fade.gif]
[index.html]
[lyndesign.framer.ai/about.html]
[lyndesign.framer.ai/projects.html]
[lyndesign.framer.ai/projects/bic-group-usability-case-study.html]
[lyndesign.framer.ai/projects/bic-chat.html]
[lyndesign.framer.ai/projects/grove-hr.html]
[lyndesign.framer.ai/projects/tufi-app.html]
[lyndesign.framer.ai/projects/onespace.html]
[lyndesign.framer.ai/stack.html]
[lyndesign.framer.ai/index.html]
[lyndesign.framer.ai/about.html]
[lyndesign.framer.ai/projects.html]
[lyndesign.framer.ai/projects/bic-group-usability-case-study.html]
[lyndesign.framer.ai/projects/bic-chat.html]
[lyndesign.framer.ai/projects/grove-hr.html]
[lyndesign.framer.ai/projects/tufi-app.html]
[lyndesign.framer.ai/projects/onespace.html]
[lyndesign.framer.ai/stack.html]
[lyndesign.framer.ai/contact.html]
[lyndesign.framer.ai/contact.html]
